<?xml version="1.0" encoding="UTF-8"?>
<testsuite xmlns:xsi="http://www.w3.org/2001/XMLSchema-instance" xsi:noNamespaceSchemaLocation="https://maven.apache.org/surefire/maven-surefire-plugin/xsd/surefire-test-report-3.0.xsd" version="3.0" name="com.calculator.webappcalculator.application.components.samplecomponent.SampleComponentTest" time="1.418" tests="3" errors="0" skipped="0" failures="0">
  <properties>
[...]
</properties>
  <testcase name="testGetSamplePropertyWhenValueNotSet" classname="com.calculator.webappcalculator.application.components.samplecomponent.SampleComponentTest" time="1.235"/>
  <testcase name="testGetSampleProperty" classname="com.calculator.webappcalculator.application.components.samplecomponent.SampleComponentTest" time="0.042"/>
  <testcase name="testGetSamplePropertyWhenValueIsEmpty" classname="com.calculator.webappcalculator.application.components.samplecomponent.SampleComponentTest" time="0.016"/>
</testsuite>